<?xml version="1.0" encoding="UTF-8"?>
<!-- Generated by org.testng.reporters.JUnitXMLReporter -->
<testsuite hostname="LAPTOP-EVN0A8MU" ignored="0" name="Surefire test" tests="3" failures="0" timestamp="2022-08-19T23:24:26 IST" time="31.051" errors="0">
  <testcase name="CreateTicket" time="3.648" classname="com.ITSM.qa.testcases.CreatTicketPageTest"/>
  <testcase name="AddTicket" time="3.554" classname="com.ITSM.qa.testcases.HomePageTest"/>
  <testcase name="loginTest" time="1.607" classname="com.ITSM.qa.testcases.LogInPageTest"/>
</testsuite> <!-- Surefire test -->
