<?xml version="1.0" encoding="UTF-8"?>
<!-- Generated by org.testng.reporters.JUnitXMLReporter -->
<testsuite hostname="LAPTOP-EVN0A8MU" ignored="0" name="Surefire test" tests="3" failures="0" timestamp="2022-08-26T22:03:08 IST" time="33.738" errors="0">
  <testcase name="CreateTicket" time="3.205" classname="com.ITSM.qa.testcases.CreatTicketPageTest"/>
  <testcase name="AddTicket" time="5.304" classname="com.ITSM.qa.testcases.HomePageTest"/>
  <testcase name="loginTest" time="2.129" classname="com.ITSM.qa.testcases.LogInPageTest"/>
</testsuite> <!-- Surefire test -->
