<?xml version="1.0" encoding="UTF-8"?>
<!-- Generated by org.testng.reporters.JUnitXMLReporter -->
<testsuite ignored="0" hostname="LAPTOP-EVN0A8MU" failures="0" tests="3" name="Default test" time="25.302" errors="0" timestamp="2022-08-26T19:21:23 IST">
  <testcase classname="com.ITSM.qa.testcases.LogInPageTest" name="loginTest" time="1.307"/>
  <testcase classname="com.ITSM.qa.testcases.HomePageTest" name="AddTicket" time="2.909"/>
  <testcase classname="com.ITSM.qa.testcases.CreatTicketPageTest" name="CreateTicket" time="3.781"/>
</testsuite> <!-- Default test -->
