<?xml version="1.0" encoding="UTF-8"?>
<!-- Generated by org.testng.reporters.JUnitXMLReporter -->
<testsuite ignored="0" hostname="LAPTOP-EVN0A8MU" failures="0" tests="3" name="Default test" time="22.064" errors="0" timestamp="2022-08-26T21:16:04 IST">
  <testcase classname="com.ITSM.qa.testcases.LogInPageTest" name="loginTest" time="1.184"/>
  <testcase classname="com.ITSM.qa.testcases.HomePageTest" name="AddTicket" time="2.712"/>
  <testcase classname="com.ITSM.qa.testcases.CreatTicketPageTest" name="CreateTicket" time="3.121"/>
</testsuite> <!-- Default test -->
