<?xml version="1.0" encoding="UTF-8"?>
<testng-results ignored="0" total="3" passed="3" failed="0" skipped="0">
  <reporter-output>
  </reporter-output>
  <suite started-at="2022-08-26T19:20:57 IST" name="Default suite" finished-at="2022-08-26T19:21:23 IST" duration-ms="25302">
    <groups>
    </groups>
    <test started-at="2022-08-26T19:20:57 IST" name="Default test" finished-at="2022-08-26T19:21:23 IST" duration-ms="25302">
      <class name="com.ITSM.qa.testcases.LogInPageTest">
        <test-method is-config="true" signature="SetUp()[pri:0, instance:com.ITSM.qa.testcases.LogInPageTest@27f981c6]" started-at="2022-08-26T19:20:57 IST" name="SetUp" finished-at="2022-08-26T19:21:05 IST" duration-ms="7118" status="PASS">
          <reporter-output>
          </reporter-output>
        </test-method> <!-- SetUp -->
        <test-method signature="loginTest()[pri:1, instance:com.ITSM.qa.testcases.LogInPageTest@27f981c6]" started-at="2022-08-26T19:21:05 IST" name="loginTest" finished-at="2022-08-26T19:21:06 IST" duration-ms="1307" status="PASS">
          <reporter-output>
          </reporter-output>
        </test-method> <!-- loginTest -->
        <test-method is-config="true" signature="tearDown()[pri:0, instance:com.ITSM.qa.testcases.LogInPageTest@27f981c6]" started-at="2022-08-26T19:21:06 IST" name="tearDown" finished-at="2022-08-26T19:21:06 IST" duration-ms="1" status="PASS">
          <reporter-output>
          </reporter-output>
        </test-method> <!-- tearDown -->
      </class> <!-- com.ITSM.qa.testcases.LogInPageTest -->
      <class name="com.ITSM.qa.testcases.HomePageTest">
        <test-method is-config="true" signature="SetUp()[pri:0, instance:com.ITSM.qa.testcases.HomePageTest@60099951]" started-at="2022-08-26T19:21:06 IST" name="SetUp" finished-at="2022-08-26T19:21:11 IST" duration-ms="5569" status="PASS">
          <reporter-output>
          </reporter-output>
        </test-method> <!-- SetUp -->
        <test-method signature="AddTicket()[pri:1, instance:com.ITSM.qa.testcases.HomePageTest@60099951]" started-at="2022-08-26T19:21:11 IST" name="AddTicket" finished-at="2022-08-26T19:21:14 IST" duration-ms="2909" status="PASS">
          <reporter-output>
          </reporter-output>
        </test-method> <!-- AddTicket -->
        <test-method is-config="true" signature="tearDown()[pri:0, instance:com.ITSM.qa.testcases.HomePageTest@60099951]" started-at="2022-08-26T19:21:14 IST" name="tearDown" finished-at="2022-08-26T19:21:14 IST" duration-ms="0" status="PASS">
          <reporter-output>
          </reporter-output>
        </test-method> <!-- tearDown -->
      </class> <!-- com.ITSM.qa.testcases.HomePageTest -->
      <class name="com.ITSM.qa.testcases.CreatTicketPageTest">
        <test-method is-config="true" signature="SetUp()[pri:0, instance:com.ITSM.qa.testcases.CreatTicketPageTest@20140db9]" started-at="2022-08-26T19:21:14 IST" name="SetUp" finished-at="2022-08-26T19:21:19 IST" duration-ms="4529" status="PASS">
          <reporter-output>
          </reporter-output>
        </test-method> <!-- SetUp -->
        <test-method signature="CreateTicket()[pri:1, instance:com.ITSM.qa.testcases.CreatTicketPageTest@20140db9]" started-at="2022-08-26T19:21:19 IST" name="CreateTicket" finished-at="2022-08-26T19:21:23 IST" duration-ms="3781" status="PASS">
          <reporter-output>
          </reporter-output>
        </test-method> <!-- CreateTicket -->
        <test-method is-config="true" signature="tearDown()[pri:0, instance:com.ITSM.qa.testcases.CreatTicketPageTest@20140db9]" started-at="2022-08-26T19:21:23 IST" name="tearDown" finished-at="2022-08-26T19:21:23 IST" duration-ms="0" status="PASS">
          <reporter-output>
          </reporter-output>
        </test-method> <!-- tearDown -->
      </class> <!-- com.ITSM.qa.testcases.CreatTicketPageTest -->
    </test> <!-- Default test -->
  </suite> <!-- Default suite -->
</testng-results>
