<?xml version="1.0" encoding="UTF-8"?>
<testng-results ignored="0" total="1" passed="1" failed="0" skipped="0">
  <reporter-output>
  </reporter-output>
  <suite started-at="2022-09-07T21:17:32 IST" name="ITSM TESTAUTOMATION SUITE" finished-at="2022-09-07T21:17:44 IST" duration-ms="11295">
    <groups>
    </groups>
    <test started-at="2022-09-07T21:17:32 IST" name="Different Feature" finished-at="2022-09-07T21:17:44 IST" duration-ms="11295">
      <class name="com.ITSM.qa.testcases.CreatTicketPageTest">
        <test-method is-config="true" signature="SetUp()[pri:0, instance:com.ITSM.qa.testcases.CreatTicketPageTest@27462a88]" started-at="2022-09-07T21:17:33 IST" name="SetUp" finished-at="2022-09-07T21:17:40 IST" duration-ms="7825" status="PASS">
          <reporter-output>
          </reporter-output>
        </test-method> <!-- SetUp -->
        <test-method signature="CreateTicket()[pri:1, instance:com.ITSM.qa.testcases.CreatTicketPageTest@27462a88]" started-at="2022-09-07T21:17:40 IST" name="CreateTicket" finished-at="2022-09-07T21:17:44 IST" duration-ms="3385" status="PASS">
          <reporter-output>
          </reporter-output>
        </test-method> <!-- CreateTicket -->
        <test-method is-config="true" signature="tearDown()[pri:0, instance:com.ITSM.qa.testcases.CreatTicketPageTest@27462a88]" started-at="2022-09-07T21:17:44 IST" name="tearDown" finished-at="2022-09-07T21:17:44 IST" duration-ms="1" status="PASS">
          <reporter-output>
          </reporter-output>
        </test-method> <!-- tearDown -->
      </class> <!-- com.ITSM.qa.testcases.CreatTicketPageTest -->
    </test> <!-- Different Feature -->
  </suite> <!-- ITSM TESTAUTOMATION SUITE -->
</testng-results>
